{"level":"info","message":"Fetched workspaces for user ID: 4","timestamp":"2025-03-03 01:39:35"}
{"level":"info","message":"Fetched user with ID: 2","timestamp":"2025-03-03 01:39:35"}
{"level":"info","message":"Fetched workspaces for user ID: 4","timestamp":"2025-03-03 01:39:36"}
{"level":"info","message":"Fetched user with ID: 2","timestamp":"2025-03-03 01:39:36"}
{"level":"info","message":"Fetched user with ID: 2","timestamp":"2025-03-03 01:39:37"}
{"level":"info","message":"Fetched user with ID: 2","timestamp":"2025-03-03 01:39:37"}
{"level":"info","message":"Fetched workspaces for user ID: 4","timestamp":"2025-03-03 01:39:42"}
{"level":"info","message":"Fetched user with ID: 2","timestamp":"2025-03-03 01:39:42"}
{"level":"info","message":"Fetched workspaces for user ID: 4","timestamp":"2025-03-03 01:39:42"}
{"level":"info","message":"Fetched user with ID: 2","timestamp":"2025-03-03 01:39:42"}
{"level":"info","message":"Fetched workspaces for user ID: 4","timestamp":"2025-03-03 01:39:43"}
{"level":"info","message":"Fetched user with ID: 2","timestamp":"2025-03-03 01:39:43"}
{"level":"info","message":"Fetched workspaces for user ID: 4","timestamp":"2025-03-03 01:39:43"}
{"level":"info","message":"Fetched user with ID: 2","timestamp":"2025-03-03 01:39:43"}
{"level":"info","message":"Fetched user with ID: 2","timestamp":"2025-03-03 01:39:44"}
{"level":"info","message":"Fetched user with ID: 2","timestamp":"2025-03-03 01:39:44"}
{"level":"info","message":"Fetched all workspaces successfully","timestamp":"2025-03-03 01:39:46"}
{"level":"info","message":"Fetched all workspaces successfully","timestamp":"2025-03-03 01:39:46"}
{"level":"info","message":"Fetched workspace with ID: 2","timestamp":"2025-03-03 01:39:48"}
{"level":"info","message":"Fetched all workspaces successfully","timestamp":"2025-03-03 01:39:52"}
{"level":"info","message":"Fetched all workspaces successfully","timestamp":"2025-03-03 01:39:52"}
{"level":"info","message":"Fetched workspaces for user ID: 4","timestamp":"2025-03-03 01:41:48"}
{"level":"info","message":"Fetched user with ID: 2","timestamp":"2025-03-03 01:41:48"}
{"level":"info","message":"Fetched all workspaces successfully","timestamp":"2025-03-03 01:41:49"}
{"level":"info","message":"Fetched workspaces for user ID: 4","timestamp":"2025-03-03 01:41:49"}
{"level":"info","message":"Fetched user with ID: 2","timestamp":"2025-03-03 01:41:49"}
{"level":"info","message":"Fetched all workspaces successfully","timestamp":"2025-03-03 01:41:49"}
{"level":"info","message":"Fetched user with ID: 2","timestamp":"2025-03-03 01:42:22"}
{"level":"info","message":"Fetched user with ID: 2","timestamp":"2025-03-03 01:42:22"}
{"level":"info","message":"Fetched workspace with ID: 2","timestamp":"2025-03-03 01:42:24"}
{"level":"info","message":"Fetched user with ID: 2","timestamp":"2025-03-03 01:42:26"}
{"level":"info","message":"Fetched workspace with ID: 2","timestamp":"2025-03-03 01:42:26"}
{"level":"info","message":"Fetched workspace with ID: 2","timestamp":"2025-03-03 01:42:26"}
{"level":"info","message":"Fetched workspace with ID: 2","timestamp":"2025-03-03 01:42:30"}
{"level":"info","message":"Fetched user with ID: 2","timestamp":"2025-03-03 01:42:30"}
{"level":"info","message":"Fetched user with ID: 2","timestamp":"2025-03-03 01:42:34"}
{"level":"info","message":"Fetched user with ID: 2","timestamp":"2025-03-03 01:42:35"}
{"level":"info","message":"Fetched user with ID: 2","timestamp":"2025-03-03 01:42:35"}
{"level":"info","message":"Fetched user with ID: 2","timestamp":"2025-03-03 01:42:36"}
{"level":"info","message":"Fetched user with ID: 2","timestamp":"2025-03-03 01:42:37"}
{"level":"info","message":"Fetched user with ID: 2","timestamp":"2025-03-03 01:42:38"}
{"level":"info","message":"Fetched all workspaces successfully","timestamp":"2025-03-03 01:43:30"}
{"level":"info","message":"Fetched all workspaces successfully","timestamp":"2025-03-03 01:43:30"}
{"level":"info","message":"Fetched workspaces for user ID: 1","timestamp":"2025-03-03 01:43:36"}
{"level":"info","message":"Fetched workspace with ID: 2","timestamp":"2025-03-03 01:43:36"}
{"level":"info","message":"Fetched user with ID: 1","timestamp":"2025-03-03 01:43:36"}
{"level":"info","message":"Fetched workspaces for user ID: 1","timestamp":"2025-03-03 01:43:36"}
{"level":"info","message":"Fetched workspace with ID: 2","timestamp":"2025-03-03 01:43:36"}
{"level":"info","message":"Fetched user with ID: 1","timestamp":"2025-03-03 01:43:36"}
{"level":"info","message":"Fetched workspace with ID: 2","timestamp":"2025-03-03 01:43:36"}
{"level":"info","message":"Fetched all workspaces successfully","timestamp":"2025-03-03 01:43:36"}
{"level":"info","message":"Fetched all workspaces successfully","timestamp":"2025-03-03 01:43:36"}
{"level":"info","message":"Space created successfully with ID: 4","timestamp":"2025-03-03 01:43:41"}
{"level":"info","message":"Folder created successfully with ID: 4","timestamp":"2025-03-03 01:43:41"}
{"level":"info","message":"List created successfully with ID: 4","timestamp":"2025-03-03 01:43:41"}
{"level":"info","message":"Fetched all workspaces successfully","timestamp":"2025-03-03 01:43:41"}
{"level":"info","message":"Fetched workspace with ID: 5","timestamp":"2025-03-03 01:43:41"}
{"level":"info","message":"Fetched workspaces for user ID: 1","timestamp":"2025-03-03 01:43:43"}
{"level":"info","message":"Fetched workspace with ID: 2","timestamp":"2025-03-03 01:43:43"}
{"level":"info","message":"Fetched workspaces for user ID: 1","timestamp":"2025-03-03 01:43:43"}
{"level":"info","message":"Fetched workspace with ID: 2","timestamp":"2025-03-03 01:43:43"}
{"level":"info","message":"Fetched user with ID: 1","timestamp":"2025-03-03 01:43:43"}
{"level":"info","message":"Fetched user with ID: 1","timestamp":"2025-03-03 01:43:43"}
{"level":"info","message":"Fetched workspace with ID: 5","timestamp":"2025-03-03 01:43:43"}
{"level":"info","message":"Fetched all workspaces successfully","timestamp":"2025-03-03 01:43:47"}
{"level":"info","message":"Fetched all workspaces successfully","timestamp":"2025-03-03 01:43:47"}
{"level":"info","message":"Fetched user with ID: 1","timestamp":"2025-03-03 01:43:49"}
{"level":"info","message":"Fetched user with ID: 1","timestamp":"2025-03-03 01:43:49"}
{"level":"info","message":"Fetched user with ID: 3","timestamp":"2025-03-03 01:44:13"}
{"level":"info","message":"Fetched user with ID: 3","timestamp":"2025-03-03 01:44:13"}
{"level":"info","message":"Fetched user with ID: 3","timestamp":"2025-03-03 01:44:15"}
{"level":"info","message":"Fetched user with ID: 3","timestamp":"2025-03-03 01:44:15"}
{"level":"info","message":"Fetched workspaces for user ID: 3","timestamp":"2025-03-03 01:44:17"}
{"level":"info","message":"Fetched user with ID: 3","timestamp":"2025-03-03 01:44:17"}
{"level":"info","message":"Fetched workspaces for user ID: 3","timestamp":"2025-03-03 01:44:17"}
{"level":"info","message":"Fetched user with ID: 3","timestamp":"2025-03-03 01:44:17"}
{"level":"info","message":"Fetched all workspaces successfully","timestamp":"2025-03-03 01:44:17"}
{"level":"info","message":"Fetched all workspaces successfully","timestamp":"2025-03-03 01:44:17"}
{"level":"info","message":"Fetched all workspaces successfully","timestamp":"2025-03-03 01:44:21"}
{"level":"info","message":"Fetched all workspaces successfully","timestamp":"2025-03-03 01:44:21"}
{"level":"info","message":"Space created successfully with ID: 5","timestamp":"2025-03-03 01:44:28"}
{"level":"info","message":"Folder created successfully with ID: 5","timestamp":"2025-03-03 01:44:28"}
{"level":"info","message":"List created successfully with ID: 5","timestamp":"2025-03-03 01:44:28"}
{"level":"info","message":"Fetched all workspaces successfully","timestamp":"2025-03-03 01:44:28"}
{"level":"info","message":"Fetched workspace with ID: 6","timestamp":"2025-03-03 01:44:28"}
{"level":"info","message":"Fetched workspaces for user ID: 3","timestamp":"2025-03-03 01:44:29"}
{"level":"info","message":"Fetched user with ID: 3","timestamp":"2025-03-03 01:44:29"}
{"level":"info","message":"Fetched workspaces for user ID: 3","timestamp":"2025-03-03 01:44:29"}
{"level":"info","message":"Fetched user with ID: 3","timestamp":"2025-03-03 01:44:30"}
{"level":"info","message":"Fetched workspace with ID: 6","timestamp":"2025-03-03 01:44:30"}
{"level":"info","message":"Fetched all workspaces successfully","timestamp":"2025-03-03 01:44:31"}
{"level":"info","message":"Fetched all workspaces successfully","timestamp":"2025-03-03 01:44:31"}
{"level":"info","message":"Fetched workspace with ID: 5","timestamp":"2025-03-03 01:44:33"}
{"level":"info","message":"Fetched all workspaces successfully","timestamp":"2025-03-03 01:44:34"}
{"level":"info","message":"Fetched all workspaces successfully","timestamp":"2025-03-03 01:44:34"}
{"level":"info","message":"Fetched all workspaces successfully","timestamp":"2025-03-03 01:44:36"}
{"level":"info","message":"Fetched all workspaces successfully","timestamp":"2025-03-03 01:44:36"}
{"level":"info","message":"Fetched workspace with ID: 2","timestamp":"2025-03-03 01:44:37"}
{"level":"info","message":"Fetched all workspaces successfully","timestamp":"2025-03-03 01:44:38"}
{"level":"info","message":"Fetched all workspaces successfully","timestamp":"2025-03-03 01:44:38"}
{"level":"info","message":"Fetched workspace with ID: 6","timestamp":"2025-03-03 01:44:38"}
{"level":"info","message":"Fetched all workspaces successfully","timestamp":"2025-03-03 01:44:39"}
{"level":"info","message":"Fetched all workspaces successfully","timestamp":"2025-03-03 01:44:39"}
{"level":"info","message":"Fetched all workspaces successfully","timestamp":"2025-03-03 01:49:05"}
{"level":"info","message":"Fetched all workspaces successfully","timestamp":"2025-03-03 01:49:05"}
{"level":"info","message":"Fetched workspaces for user ID: 3","timestamp":"2025-03-03 01:55:11"}
{"level":"info","message":"Fetched user with ID: 3","timestamp":"2025-03-03 01:55:11"}
{"level":"info","message":"Fetched workspaces for user ID: 3","timestamp":"2025-03-03 01:55:11"}
{"level":"info","message":"Fetched user with ID: 3","timestamp":"2025-03-03 01:55:11"}
{"level":"info","message":"Fetched workspace with ID: 6","timestamp":"2025-03-03 01:55:11"}
{"level":"info","message":"Fetched all workspaces successfully","timestamp":"2025-03-03 01:55:13"}
{"level":"info","message":"Fetched all workspaces successfully","timestamp":"2025-03-03 01:55:13"}
{"level":"info","message":"Fetched user with ID: 3","timestamp":"2025-03-03 01:59:24"}
{"level":"info","message":"Fetched user with ID: 3","timestamp":"2025-03-03 01:59:24"}
{"level":"info","message":"Fetched workspaces for user ID: 4","timestamp":"2025-03-03 01:59:41"}
{"level":"info","message":"Fetched workspaces for user ID: 4","timestamp":"2025-03-03 01:59:41"}
{"level":"info","message":"Fetched user with ID: 4","timestamp":"2025-03-03 01:59:41"}
{"level":"info","message":"Fetched user with ID: 4","timestamp":"2025-03-03 01:59:41"}
{"level":"info","message":"Fetched all workspaces successfully","timestamp":"2025-03-03 01:59:44"}
{"level":"info","message":"Fetched all workspaces successfully","timestamp":"2025-03-03 01:59:44"}
{"level":"info","message":"Space created successfully with ID: 6","timestamp":"2025-03-03 01:59:49"}
{"level":"info","message":"Folder created successfully with ID: 6","timestamp":"2025-03-03 01:59:49"}
{"level":"info","message":"List created successfully with ID: 6","timestamp":"2025-03-03 01:59:49"}
{"level":"info","message":"Fetched all workspaces successfully","timestamp":"2025-03-03 01:59:49"}
{"level":"info","message":"Fetched workspace with ID: 7","timestamp":"2025-03-03 01:59:49"}
{"level":"info","message":"Fetched workspaces for user ID: 4","timestamp":"2025-03-03 01:59:54"}
{"level":"info","message":"Fetched user with ID: 4","timestamp":"2025-03-03 01:59:54"}
{"level":"info","message":"Fetched workspaces for user ID: 4","timestamp":"2025-03-03 01:59:54"}
{"level":"info","message":"Fetched user with ID: 4","timestamp":"2025-03-03 01:59:54"}
{"level":"info","message":"Fetched workspace with ID: 7","timestamp":"2025-03-03 01:59:54"}
{"level":"info","message":"Fetched workspaces for user ID: 4","timestamp":"2025-03-03 02:01:21"}
{"level":"info","message":"Fetched all workspaces successfully","timestamp":"2025-03-03 02:01:43"}
{"level":"info","message":"Fetched all workspaces successfully","timestamp":"2025-03-03 02:01:43"}
{"level":"info","message":"Fetched workspace with ID: 5","timestamp":"2025-03-03 02:01:45"}
{"level":"info","message":"Fetched user with ID: 4","timestamp":"2025-03-03 02:01:46"}
{"level":"info","message":"Fetched user with ID: 4","timestamp":"2025-03-03 02:01:46"}
{"level":"info","message":"Fetched user with ID: 4","timestamp":"2025-03-03 02:01:48"}
{"level":"info","message":"Fetched user with ID: 4","timestamp":"2025-03-03 02:01:48"}
{"level":"info","message":"Fetched user with ID: 4","timestamp":"2025-03-03 02:01:49"}
{"level":"info","message":"Fetched user with ID: 4","timestamp":"2025-03-03 02:01:51"}
{"level":"info","message":"Fetched user with ID: 4","timestamp":"2025-03-03 02:01:51"}
{"level":"info","message":"Fetched user with ID: 4","timestamp":"2025-03-03 02:01:56"}
{"level":"info","message":"Fetched workspaces for user ID: 1","timestamp":"2025-03-03 02:03:35"}
{"level":"info","message":"Fetched workspaces for user ID: 1","timestamp":"2025-03-03 02:03:39"}
{"level":"info","message":"Fetched user with ID: 4","timestamp":"2025-03-03 02:03:41"}
{"level":"info","message":"Fetched user with ID: 4","timestamp":"2025-03-03 02:03:42"}
{"level":"info","message":"Fetched user with ID: 4","timestamp":"2025-03-03 02:03:42"}
{"level":"info","message":"Fetched user with ID: 3","timestamp":"2025-03-03 02:03:45"}
{"level":"info","message":"Fetched user with ID: 3","timestamp":"2025-03-03 02:03:45"}
{"level":"info","message":"Fetched workspaces for user ID: 3","timestamp":"2025-03-03 02:03:50"}
{"level":"info","message":"Fetched workspaces for user ID: 3","timestamp":"2025-03-03 02:03:50"}
{"level":"info","message":"Fetched workspaces for user ID: 3","timestamp":"2025-03-03 02:03:54"}
{"level":"info","message":"Fetched workspaces for user ID: 3","timestamp":"2025-03-03 02:03:54"}
{"level":"info","message":"Fetched user with ID: 3","timestamp":"2025-03-03 02:03:54"}
{"level":"info","message":"Fetched user with ID: 3","timestamp":"2025-03-03 02:03:54"}
{"level":"info","message":"Fetched workspace with ID: 6","timestamp":"2025-03-03 02:03:54"}
{"level":"info","message":"Fetched workspaces for user ID: 3","timestamp":"2025-03-03 02:03:54"}
{"level":"info","message":"Fetched workspaces for user ID: 3","timestamp":"2025-03-03 02:03:54"}
{"level":"info","message":"Fetched user with ID: 3","timestamp":"2025-03-03 02:04:11"}
{"level":"info","message":"Fetched user with ID: 3","timestamp":"2025-03-03 02:04:11"}
